<?xml version="1.0" encoding="UTF-8"?>
<testsuite xmlns:xsi="http://www.w3.org/2001/XMLSchema-instance" xsi:noNamespaceSchemaLocation="https://maven.apache.org/surefire/maven-surefire-plugin/xsd/surefire-test-report-3.0.xsd" version="3.0" name="com.example.reminder.web.UserProfileControllerTest" time="0.313" tests="7" errors="0" skipped="0" failures="0">
  <properties>
[...]
</properties>
  <testcase name="shouldReturn200_whenGetProfileWithToken" classname="com.example.reminder.web.UserProfileControllerTest" time="0.009">
    <system-out><![CDATA[2026-05-24T13:47:12.657+07:00  INFO 53011 --- [           main] t.c.s.AnnotationConfigContextLoaderUtils : Could not detect default configuration classes for test class [com.example.reminder.web.UserProfileControllerTest]: UserProfileControllerTest does not declare any static, non-private, non-final, nested classes annotated with @Configuration.
2026-05-24T13:47:12.662+07:00  INFO 53011 --- [           main] .b.t.c.SpringBootTestContextBootstrapper : Found @SpringBootConfiguration com.example.reminder.ReminderApplication for test class com.example.reminder.web.UserProfileControllerTest

  .   ____          _            __ _ _
 /\\ / ___'_ __ _ _(_)_ __  __ _ \ \ \ \
( ( )\___ | '_ | '_| | '_ \/ _` | \ \ \ \
 \\/  ___)| |_)| | | | | || (_| |  ) ) ) )
  '  |____| .__|_| |_|_| |_\__, | / / / /
 =========|_|==============|___/=/_/_/_/

 :: Spring Boot ::                (v4.0.3)

2026-05-24T13:47:12.677+07:00  INFO 53011 --- [           main] c.e.r.web.UserProfileControllerTest      : Starting UserProfileControllerTest using Java 24.0.2 with PID 53011 (started by konstantinmokrousov in /Users/konstantinmokrousov/reminder)
2026-05-24T13:47:12.678+07:00 DEBUG 53011 --- [           main] c.e.r.web.UserProfileControllerTest      : Running with Spring Boot v4.0.3, Spring v7.0.5
2026-05-24T13:47:12.678+07:00  INFO 53011 --- [           main] c.e.r.web.UserProfileControllerTest      : No active profile set, falling back to 1 default profile: "default"
2026-05-24T13:47:12.858+07:00 DEBUG 53011 --- [           main] c.e.reminder.config.SecurityConfig       : Config: building security filter chain
2026-05-24T13:47:12.901+07:00  INFO 53011 --- [           main] o.s.b.t.m.w.SpringBootMockServletContext : Initializing Spring TestDispatcherServlet ''
2026-05-24T13:47:12.901+07:00  INFO 53011 --- [           main] o.s.t.web.servlet.TestDispatcherServlet  : Initializing Servlet ''
2026-05-24T13:47:12.902+07:00  INFO 53011 --- [           main] o.s.t.web.servlet.TestDispatcherServlet  : Completed initialization in 1 ms
2026-05-24T13:47:12.907+07:00  INFO 53011 --- [           main] c.e.r.web.UserProfileControllerTest      : Started UserProfileControllerTest in 0.242 seconds (process running for 6.706)
2026-05-24T13:47:12.913+07:00 DEBUG 53011 --- [           main] c.e.r.web.user.UserProfileController     : Api: profile get userId=1
2026-05-24T13:47:12.913+07:00 DEBUG 53011 --- [           main] c.e.r.web.user.UserProfileController     : Api: profile get success userId=1
]]></system-out>
  </testcase>
  <testcase name="shouldReturn200_whenUpsertProfileValid" classname="com.example.reminder.web.UserProfileControllerTest" time="0.01">
    <system-out><![CDATA[2026-05-24T13:47:12.926+07:00  INFO 53011 --- [           main] c.e.r.web.user.UserProfileController     : Api: profile upsert userId=1 hasEmail=true hasTelegram=true
2026-05-24T13:47:12.926+07:00  INFO 53011 --- [           main] c.e.r.web.user.UserProfileController     : Api: profile upsert success userId=1
]]></system-out>
  </testcase>
  <testcase name="shouldReturn401_whenNoToken" classname="com.example.reminder.web.UserProfileControllerTest" time="0.005"/>
  <testcase name="shouldReturn400_whenEmailInvalid" classname="com.example.reminder.web.UserProfileControllerTest" time="0.013">
    <system-out><![CDATA[2026-05-24T13:47:12.946+07:00 DEBUG 53011 --- [           main] c.e.r.web.exception.ApiExceptionHandler  : ApiError: validation path=/api/v1/profile message=email: must be a well-formed email address
]]></system-out>
  </testcase>
  <testcase name="shouldReturn409_whenEmailAlreadyExists" classname="com.example.reminder.web.UserProfileControllerTest" time="0.005">
    <system-out><![CDATA[2026-05-24T13:47:12.953+07:00  INFO 53011 --- [           main] c.e.r.web.user.UserProfileController     : Api: profile upsert userId=1 hasEmail=true hasTelegram=true
2026-05-24T13:47:12.954+07:00 DEBUG 53011 --- [           main] c.e.r.web.exception.ApiExceptionHandler  : ApiError: conflict path=/api/v1/profile message=Email already in use
]]></system-out>
  </testcase>
  <testcase name="shouldReturn404_whenProfileNotFound" classname="com.example.reminder.web.UserProfileControllerTest" time="0.004">
    <system-out><![CDATA[2026-05-24T13:47:12.960+07:00 DEBUG 53011 --- [           main] c.e.r.web.user.UserProfileController     : Api: profile get userId=1
2026-05-24T13:47:12.960+07:00 DEBUG 53011 --- [           main] c.e.r.web.exception.ApiExceptionHandler  : ApiError: not found path=/api/v1/profile message=Profile not found
]]></system-out>
  </testcase>
  <testcase name="shouldReturn400_whenTelegramIdNegative" classname="com.example.reminder.web.UserProfileControllerTest" time="0.005">
    <system-out><![CDATA[2026-05-24T13:47:12.966+07:00 DEBUG 53011 --- [           main] c.e.r.web.exception.ApiExceptionHandler  : ApiError: validation path=/api/v1/profile message=telegramId: telegramId must be positive
]]></system-out>
  </testcase>
</testsuite>